#
# There is insufficient memory for the Java Runtime Environment to continue.
# Native memory allocation (mmap) failed to map 266338304 bytes. Error detail: G1 virtual space
# Possible reasons:
#   The system is out of physical RAM or swap space
#   This process is running with CompressedOops enabled, and the Java Heap may be blocking the growth of the native heap
# Possible solutions:
#   Reduce memory load on the system
#   Increase physical memory or swap space
#   Check if swap backing store is full
#   Decrease Java heap size (-Xmx/-Xms)
#   Decrease number of Java threads
#   Decrease Java thread stack sizes (-Xss)
#   Set larger code cache with -XX:ReservedCodeCacheSize=
#   JVM is running with Zero Based Compressed Oops mode in which the Java heap is
#     placed in the first 32GB address space. The Java Heap base address is the
#     maximum limit for the native heap growth. Please use -XX:HeapBaseMinAddress
#     to set the Java Heap base and to place the Java Heap above 32GB virtual address.
# This output file may be truncated or incomplete.
#
#  Out of Memory Error (os_windows.cpp:3828), pid=21472, tid=15732
#
# JRE version:  (21.0.5) (build )
# Java VM: OpenJDK 64-Bit Server VM (21.0.5+-12932927-b750.29, mixed mode, sharing, tiered, compressed oops, compressed class ptrs, g1 gc, windows-amd64)
# No core dump will be written. Minidumps are not enabled by default on client versions of Windows
#

---------------  S U M M A R Y ------------

Command Line: org.jetbrains.kotlin.cli.jvm.K2JVMCompiler @C:\Users\Naod\Desktop\SmolChat-Android-main\SmolChat-Android-main\app\build\20250328_5538341024031091384.compiler.options

Host: Intel(R) Core(TM) i7-8750H CPU @ 2.20GHz, 12 cores, 15G,  Windows 11 , 64 bit Build 22000 (10.0.22000.2538)
Time: Fri Mar 28 09:00:54 2025 E. Africa Standard Time elapsed time: 0.017539 seconds (0d 0h 0m 0s)

---------------  T H R E A D  ---------------

Current thread (0x00000000032157c0):  JavaThread "Unknown thread" [_thread_in_vm, id=15732, stack(0x00000000028a0000,0x00000000029a0000) (1024K)]

Stack: [0x00000000028a0000,0x00000000029a0000]
Native frames: (J=compiled Java code, j=interpreted, Vv=VM code, C=native code)
V  [jvm.dll+0x6cfb29]
V  [jvm.dll+0x85ded3]
V  [jvm.dll+0x86042e]
V  [jvm.dll+0x860b13]
V  [jvm.dll+0x27e6b6]
V  [jvm.dll+0x6cc385]
V  [jvm.dll+0x6c078a]
V  [jvm.dll+0x35525b]
V  [jvm.dll+0x35ceb6]
V  [jvm.dll+0x3aedd6]
V  [jvm.dll+0x3af0a8]
V  [jvm.dll+0x32792c]
V  [jvm.dll+0x32861b]
V  [jvm.dll+0x825919]
V  [jvm.dll+0x3bbfa8]
V  [jvm.dll+0x80ec88]
V  [jvm.dll+0x45015e]
V  [jvm.dll+0x4518c1]
C  [jli.dll+0x52ab]
C  [ucrtbase.dll+0x26c0c]
C  [KERNEL32.DLL+0x153e0]
C  [ntdll.dll+0x485b]


---------------  P R O C E S S  ---------------

Threads class SMR info:
_java_thread_list=0x00007ff89b800808, length=0, elements={
}

Java Threads: ( => current thread )
Total: 0

Other Threads:
  0x000000000327a390 WorkerThread "GC Thread#0"                     [id=6676, stack(0x000000001a790000,0x000000001a890000) (1024K)]
  0x000000000328b000 ConcurrentGCThread "G1 Main Marker"            [id=25580, stack(0x000000001a890000,0x000000001a990000) (1024K)]
  0x000000000328c490 WorkerThread "G1 Conc#0"                       [id=12836, stack(0x000000001a990000,0x000000001aa90000) (1024K)]

[error occurred during error reporting (printing all threads), id 0xc0000005, EXCEPTION_ACCESS_VIOLATION (0xc0000005) at pc=0x00007ff89affa967]
VM state: not at safepoint (not fully initialized)

VM Mutex/Monitor currently owned by a thread:  ([mutex/lock_event])
[0x00007ff89b86d460] Heap_lock - owner thread: 0x00000000032157c0

Heap address: 0x0000000703600000, size: 4042 MB, Compressed Oops mode: Zero based, Oop shift amount: 3

CDS archive(s) mapped at: [0x0000000000000000-0x0000000000000000-0x0000000000000000), size 0, SharedBaseAddress: 0x0000000800000000, ArchiveRelocationMode: 1.
Narrow klass base: 0x0000000000000000, Narrow klass shift: 0, Narrow klass range: 0x0

GC Precious Log:
 CardTable entry size: 512
 Card Set container configuration: InlinePtr #cards 4 size 8 Array Of Cards #cards 16 size 48 Howl #buckets 8 coarsen threshold 3686 Howl Bitmap #cards 512 size 80 coarsen threshold 460 Card regions per heap region 1 cards per card region 4096

Heap:
 garbage-first heap   total 0K, used 0K [0x0000000703600000, 0x0000000800000000)
  region size 2048K, 0 young (0K), 0 survivors (0K)
 Metaspace       used 0K, committed 0K, reserved 0K
  class space    used 0K, committed 0K, reserved 0K

Heap Regions: E=young(eden), S=young(survivor), O=old, HS=humongous(starts), HC=humongous(continues), CS=collection set, F=free, TAMS=top-at-mark-start, PB=parsable bottom

Card table byte_map: [0x0000000016070000,0x0000000016860000] _byte_map_base: 0x0000000012855000

Marking Bits: (CMBitMap*) 0x000000000327aa90
 Bits: [0x0000000016860000, 0x000000001a788000)

GC Heap History (0 events):
No events

Dll operation events (1 events):
Event: 0.011 Loaded shared library C:\Program Files\Android\Android Studio2\jbr\bin\java.dll

Deoptimization events (0 events):
No events

Classes loaded (0 events):
No events

Classes unloaded (0 events):
No events

Classes redefined (0 events):
No events

Internal exceptions (0 events):
No events

ZGC Phase Switch (0 events):
No events

VM Operations (0 events):
No events

Memory protections (0 events):
No events

Nmethod flushes (0 events):
No events

Events (0 events):
No events


Dynamic libraries:
0x0000000140000000 - 0x0000000140098000 	C:\Program Files\Android\Android Studio2\jbr\bin\java.exe
0x00007ff9450e0000 - 0x00007ff9452e9000 	C:\Windows\SYSTEM32\ntdll.dll
0x00007ff943ce0000 - 0x00007ff943d9d000 	C:\Windows\System32\KERNEL32.DLL
0x00007ff942570000 - 0x00007ff9428f4000 	C:\Windows\System32\KERNELBASE.dll
0x00007ff942980000 - 0x00007ff942a91000 	C:\Windows\System32\ucrtbase.dll
0x00007ff9286f0000 - 0x00007ff928708000 	C:\Program Files\Android\Android Studio2\jbr\bin\jli.dll
0x00007ff9286b0000 - 0x00007ff9286cb000 	C:\Program Files\Android\Android Studio2\jbr\bin\VCRUNTIME140.dll
0x00007ff943020000 - 0x00007ff9431cd000 	C:\Windows\System32\USER32.dll
0x00007ff942f00000 - 0x00007ff942f26000 	C:\Windows\System32\win32u.dll
0x00007ff92bc90000 - 0x00007ff92bf35000 	C:\Windows\WinSxS\amd64_microsoft.windows.common-controls_6595b64144ccf1df_6.0.22000.120_none_9d947278b86cc467\COMCTL32.dll
0x00007ff943b10000 - 0x00007ff943b3a000 	C:\Windows\System32\GDI32.dll
0x00007ff943fd0000 - 0x00007ff944073000 	C:\Windows\System32\msvcrt.dll
0x00007ff942de0000 - 0x00007ff942efe000 	C:\Windows\System32\gdi32full.dll
0x00007ff942aa0000 - 0x00007ff942b3d000 	C:\Windows\System32\msvcp_win.dll
0x00007ff944710000 - 0x00007ff944741000 	C:\Windows\System32\IMM32.DLL
0x00007ff944550000 - 0x00007ff9445fe000 	C:\Windows\System32\ADVAPI32.dll
0x00007ff944130000 - 0x00007ff9441ce000 	C:\Windows\System32\sechost.dll
0x00007ff9432f0000 - 0x00007ff943411000 	C:\Windows\System32\RPCRT4.dll
0x00007ff93b790000 - 0x00007ff93b8a4000 	C:\Windows\SYSTEM32\WINHTTP.dll
0x00007ff942bb0000 - 0x00007ff942d12000 	C:\Windows\System32\CRYPT32.dll
0x00007ff92b850000 - 0x00007ff92b86d000 	C:\Windows\SYSTEM32\MPR.dll
0x00007ff92aa10000 - 0x00007ff92aa1c000 	C:\Windows\SYSTEM32\Secur32.dll
0x00007ff941960000 - 0x00007ff9419a2000 	C:\Windows\SYSTEM32\SSPICLI.DLL
0x00007ff943420000 - 0x00007ff94347d000 	C:\Windows\System32\SHLWAPI.dll
0x00007ff941210000 - 0x00007ff9412f7000 	C:\Windows\SYSTEM32\DNSAPI.dll
0x00007ff9411e0000 - 0x00007ff94120d000 	C:\Windows\SYSTEM32\IPHLPAPI.DLL
0x00007ff944fb0000 - 0x00007ff944fb9000 	C:\Windows\System32\NSI.dll
0x00007ff9416f0000 - 0x00007ff941724000 	C:\Windows\SYSTEM32\ntmarta.dll
0x00007ff935600000 - 0x00007ff93560c000 	C:\Program Files\Android\Android Studio2\jbr\bin\vcruntime140_1.dll
0x00007ff904560000 - 0x00007ff9045ed000 	C:\Program Files\Android\Android Studio2\jbr\bin\msvcp140.dll
0x00007ff89acc0000 - 0x00007ff89b94a000 	C:\Program Files\Android\Android Studio2\jbr\bin\server\jvm.dll
0x00007ff942fa0000 - 0x00007ff94300f000 	C:\Windows\System32\WS2_32.dll
0x00007ff940ed0000 - 0x00007ff940f1d000 	C:\Windows\SYSTEM32\POWRPROF.dll
0x00007ff93b040000 - 0x00007ff93b073000 	C:\Windows\SYSTEM32\WINMM.dll
0x00007ff93a550000 - 0x00007ff93a55a000 	C:\Windows\SYSTEM32\VERSION.dll
0x00007ff941000000 - 0x00007ff941013000 	C:\Windows\SYSTEM32\UMPDC.dll
0x00007ff9416d0000 - 0x00007ff9416e8000 	C:\Windows\SYSTEM32\kernel.appcore.dll
0x00007ff9286a0000 - 0x00007ff9286aa000 	C:\Program Files\Android\Android Studio2\jbr\bin\jimage.dll
0x00007ff940070000 - 0x00007ff940291000 	C:\Windows\SYSTEM32\DBGHELP.DLL
0x00007ff939e40000 - 0x00007ff939e71000 	C:\Windows\SYSTEM32\dbgcore.DLL
0x00007ff942900000 - 0x00007ff94297f000 	C:\Windows\System32\bcryptPrimitives.dll
0x00007ff928590000 - 0x00007ff9285b0000 	C:\Program Files\Android\Android Studio2\jbr\bin\java.dll

dbghelp: loaded successfully - version: 4.0.5 - missing functions: none
symbol engine: initialized successfully - sym options: 0x614 - pdb path: .;C:\Program Files\Android\Android Studio2\jbr\bin;C:\Windows\SYSTEM32;C:\Windows\WinSxS\amd64_microsoft.windows.common-controls_6595b64144ccf1df_6.0.22000.120_none_9d947278b86cc467;C:\Program Files\Android\Android Studio2\jbr\bin\server

VM Arguments:
java_command: org.jetbrains.kotlin.cli.jvm.K2JVMCompiler @C:\Users\Naod\Desktop\SmolChat-Android-main\SmolChat-Android-main\app\build\20250328_5538341024031091384.compiler.options
java_class_path (initial): C:\Users\Naod\.gradle 290724\.gradle\caches\modules-2\files-2.1\org.jetbrains.kotlin\kotlin-compiler-embeddable\2.1.0\988bf980588bbbcfa1ba19c1ffd7aa869b335a31\kotlin-compiler-embeddable-2.1.0.jar;C:\Users\Naod\.gradle 290724\.gradle\caches\modules-2\files-2.1\org.jetbrains.kotlin\kotlin-stdlib\2.1.0\85f8b81009cda5890e54ba67d64b5e599c645020\kotlin-stdlib-2.1.0.jar;C:\Users\Naod\.gradle 290724\.gradle\caches\modules-2\files-2.1\org.jetbrains.kotlin\kotlin-script-runtime\2.1.0\5909da8c57b75a117714ab0e348c86101b7a3284\kotlin-script-runtime-2.1.0.jar;C:\Users\Naod\.gradle 290724\.gradle\caches\modules-2\files-2.1\org.jetbrains.kotlin\kotlin-reflect\1.6.10\1cbe9c92c12a94eea200d23c2bbaedaf3daf5132\kotlin-reflect-1.6.10.jar;C:\Users\Naod\.gradle 290724\.gradle\caches\modules-2\files-2.1\org.jetbrains.kotlin\kotlin-daemon-embeddable\2.1.0\420bae1908e4a353f5b56c3c850d24d86367b25d\kotlin-daemon-embeddable-2.1.0.jar;C:\Users\Naod\.gradle 290724\.gradle\caches\modules-2\files-2.1\org.jetbrains.intellij.deps\trove4j\1.0.20200330\3afb14d5f9ceb459d724e907a21145e8ff394f02\trove4j-1.0.20200330.jar;C:\Users\Naod\.gradle 290724\.gradle\caches\modules-2\files-2.1\org.jetbrains.kotlinx\kotlinx-coroutines-core-jvm\1.6.4\2c997cd1c0ef33f3e751d3831929aeff1390cb30\kotlinx-coroutines-core-jvm-1.6.4.jar;C:\Users\Naod\.gradle 290724\.gradle\caches\modules-2\files-2.1\org.jetbrains\annotations\13.0\919f0dfe192fb4e063e7dacadee7f8bb9a2672a9\annotations-13.0.jar
Launcher Type: SUN_STANDARD

[Global flags]
     intx CICompilerCount                          = 4                                         {product} {ergonomic}
     uint ConcGCThreads                            = 3                                         {product} {ergonomic}
     uint G1ConcRefinementThreads                  = 10                                        {product} {ergonomic}
   size_t G1HeapRegionSize                         = 2097152                                   {product} {ergonomic}
    uintx GCDrainStackTargetSize                   = 64                                        {product} {ergonomic}
   size_t InitialHeapSize                          = 266338304                                 {product} {ergonomic}
   size_t MarkStackSize                            = 4194304                                   {product} {ergonomic}
   size_t MaxHeapSize                              = 4238344192                                {product} {ergonomic}
   size_t MinHeapDeltaBytes                        = 2097152                                   {product} {ergonomic}
   size_t MinHeapSize                              = 8388608                                   {product} {ergonomic}
    uintx NonNMethodCodeHeapSize                   = 5839372                                {pd product} {ergonomic}
    uintx NonProfiledCodeHeapSize                  = 122909434                              {pd product} {ergonomic}
    uintx ProfiledCodeHeapSize                     = 122909434                              {pd product} {ergonomic}
    uintx ReservedCodeCacheSize                    = 251658240                              {pd product} {ergonomic}
     bool SegmentedCodeCache                       = true                                      {product} {ergonomic}
   size_t SoftMaxHeapSize                          = 4238344192                             {manageable} {ergonomic}
     bool UseCompressedOops                        = true                           {product lp64_product} {ergonomic}
     bool UseG1GC                                  = true                                      {product} {ergonomic}
     bool UseLargePagesIndividualAllocation        = false                                  {pd product} {ergonomic}

Logging:
Log output configuration:
 #0: stdout all=warning uptime,level,tags foldmultilines=false
 #1: stderr all=off uptime,level,tags foldmultilines=false

Environment Variables:
JAVA_HOME=C:\Program Files\Java\jdk-21
PATH=C:\Program Files\Common Files\Oracle\Java\javapath;C:\Program Files (x86)\Common Files\Oracle\Java\java8path;C:\Program Files (x86)\Common Files\Oracle\Java\javapath;C:\Program Files\NVIDIA GPU Computing Toolkit\CUDA\v12.3\bin;C:\Program Files\NVIDIA GPU Computing Toolkit\CUDA\v12.3\libnvvp;C:\Program Files (x86)\Common Files\Intel\Shared Libraries\redist\intel64\compiler;C:\Windows\system32;C:\Windows;C:\Windows\System32\Wbem;C:\Windows\System32\WindowsPowerShell\v1.0\;C:\Windows\System32\OpenSSH\;C:\Program Files\NVIDIA Corporation\NVIDIA app\NvDLISR;C:\Program Files (x86)\NVIDIA Corporation\PhysX\Common;C:\Program Files\dotnet\;C:\Program Files\Microsoft SQL Server\130\Tools\Binn\;C:\Program Files\Git\cmd;C:\Program Files\NVIDIA GPU Computing Toolkit\CUDA\v12.3\bin;C:\Program Files\NVIDIA GPU Computing Toolkit\CUDA\v12.3\libnvvp;C:\Program Files\NVIDIA GPU Computing Toolkit\CUDA\v12.3\include;C:\Program Files\NVIDIA GPU Computing Toolkit\CUDA\v12.3\lib\x64;C:\Users\Naod\AppData\Local\Programs\Python\Python310;C:\Program Files\NVIDIA Corporation\NVIDIA NvDLISR;C:\Program Files\NVIDIA GPU Computing Toolkit\cudnn\cudnn;C:\Users\Naod\AppData\Roaming\Python\Python310\Scripts;C:\Program Files\NVIDIA GPU Computing Toolkit\cudnn\cudnn\bin;C:\Program Files\Java\jre1.8.0_441\bin;C:\Program Files\Java\jre1.8.0_441;C:\Users\Naod\apache-maven-3.8.7;C:\Users\Naod\apache-maven-3.8.7\bin;C:\Program Files\CMake\bin;C:\Users\Naod\AppData\Local\Android\Sdk\ndk\28.0.13004108;C:\ninja-win\ninja.exe;C:\Program Files\Java\jdk-21;C:\Program Files\Java\jdk-21\bin;C:\Users\Naod\AppData\Local\Microsoft\WindowsApps;;C:\Program Files\JetBrains\IntelliJ IDEA 2024.2.0.2\bin;;C:\Program Files\JetBrains\WebStorm 2023.2.1\bin;;C:\Users\Naod\.lmstudio\bin
USERNAME=Naod
OS=Windows_NT
PROCESSOR_IDENTIFIER=Intel64 Family 6 Model 158 Stepping 10, GenuineIntel
TMP=C:\Users\Naod\AppData\Local\Temp
TEMP=C:\Users\Naod\AppData\Local\Temp




Periodic native trim disabled

JNI global refs:
JNI global refs: 0, weak refs: 0

JNI global refs memory usage: 0, weak refs: 0

Process memory usage:
Resident Set Size: 14460K (0% of 16552092K total physical memory with 658180K free physical memory)

OOME stack traces (most recent first):
Classloader memory used:

---------------  S Y S T E M  ---------------

OS:
 Windows 11 , 64 bit Build 22000 (10.0.22000.2538)
OS uptime: 13 days 0:28 hours

CPU: total 12 (initial active 12) (6 cores per cpu, 2 threads per core) family 6 model 158 stepping 10 microcode 0xf0, cx8, cmov, fxsr, ht, mmx, 3dnowpref, sse, sse2, sse3, ssse3, sse4.1, sse4.2, popcnt, lzcnt, tsc, tscinvbit, avx, avx2, aes, erms, clmul, bmi1, bmi2, adx, fma, vzeroupper, clflush, clflushopt, rdtscp, f16c
Processor Information for all 12 processors :
  Max Mhz: 2208, Current Mhz: 2208, Mhz Limit: 2208

Memory: 4k page, system-wide physical 16164M (641M free)
TotalPageFile size 46686M (AvailPageFile size 250M)
current process WorkingSet (physical memory assigned to process): 14M, peak: 14M
current process commit charge ("private bytes"): 67M, peak: 320M

vm_info: OpenJDK 64-Bit Server VM (21.0.5+-12932927-b750.29) for windows-amd64 JRE (21.0.5+-12932927-b750.29), built on 2025-01-17T02:01:10Z by "builder" with MS VC++ 16.10 / 16.11 (VS2019)

END.
